<?xml version="1.0" encoding="UTF-8"?>
<testsuite xmlns:xsi="http://www.w3.org/2001/XMLSchema-instance" xsi:noNamespaceSchemaLocation="https://maven.apache.org/surefire/maven-surefire-plugin/xsd/surefire-test-report.xsd" version="3.0.2" name="com.baseus.mcpserver.McpServerApplicationTests" time="1.967" tests="1" errors="0" skipped="0" failures="0">
  <properties>
[...]
</properties>
  <testcase name="contextLoads" classname="com.baseus.mcpserver.McpServerApplicationTests" time="0.516">
    <system-out><![CDATA[15:01:50.432 [main] INFO org.springframework.test.context.support.AnnotationConfigContextLoaderUtils -- Could not detect default configuration classes for test class [com.baseus.mcpserver.McpServerApplicationTests]: McpServerApplicationTests does not declare any static, non-private, non-final, nested classes annotated with @Configuration.
15:01:50.517 [main] INFO org.springframework.boot.test.context.SpringBootTestContextBootstrapper -- Found @SpringBootConfiguration com.baseus.mcpserver.McpServerApplication for test class com.baseus.mcpserver.McpServerApplicationTests
]]></system-out>
    <system-err><![CDATA[15:01:50,854 |-ERROR in ch.qos.logback.classic.PatternLayout("") - Empty or null pattern.
]]></system-err>
  </testcase>
</testsuite>